Determining if the pthread_create exist failed with the following output:
Change Dir: /home/johnfaski/industrial_core_ws/build/CMakeFiles/CMakeTmp

Run Build Command:/usr/bin/make "cmTryCompileExec966420532/fast"
/usr/bin/make -f CMakeFiles/cmTryCompileExec966420532.dir/build.make CMakeFiles/cmTryCompileExec966420532.dir/build
make[1]: Entering directory `/home/johnfaski/industrial_core_ws/build/CMakeFiles/CMakeTmp'
/usr/bin/cmake -E cmake_progress_report /home/johnfaski/industrial_core_ws/build/CMakeFiles/CMakeTmp/CMakeFiles 1
Building C object CMakeFiles/cmTryCompileExec966420532.dir/CheckSymbolExists.c.o
/usr/bin/cc    -o CMakeFiles/cmTryCompileExec966420532.dir/CheckSymbolExists.c.o   -c /home/johnfaski/industrial_core_ws/build/CMakeFiles/CMakeTmp/CheckSymbolExists.c
Linking C executable cmTryCompileExec966420532
/usr/bin/cmake -E cmake_link_script CMakeFiles/cmTryCompileExec966420532.dir/link.txt --verbose=1
/usr/bin/cc       CMakeFiles/cmTryCompileExec966420532.dir/CheckSymbolExists.c.o  -o cmTryCompileExec966420532 -rdynamic 
CMakeFiles/cmTryCompileExec966420532.dir/CheckSymbolExists.c.o: In function `main':
CheckSymbolExists.c:(.text+0xa): undefined reference to `pthread_create'
collect2: error: ld returned 1 exit status
make[1]: *** [cmTryCompileExec966420532] Error 1
make[1]: Leaving directory `/home/johnfaski/industrial_core_ws/build/CMakeFiles/CMakeTmp'
make: *** [cmTryCompileExec966420532/fast] Error 2

File /home/johnfaski/industrial_core_ws/build/CMakeFiles/CMakeTmp/CheckSymbolExists.c:
/* */
#include <pthread.h>

int main(int argc, char** argv)
{
  (void)argv;
#ifndef pthread_create
  return ((int*)(&pthread_create))[argc];
#else
  (void)argc;
  return 0;
#endif
}

Determining if the function pthread_create exists in the pthreads failed with the following output:
Change Dir: /home/johnfaski/industrial_core_ws/build/CMakeFiles/CMakeTmp

Run Build Command:/usr/bin/make "cmTryCompileExec404735736/fast"
/usr/bin/make -f CMakeFiles/cmTryCompileExec404735736.dir/build.make CMakeFiles/cmTryCompileExec404735736.dir/build
make[1]: Entering directory `/home/johnfaski/industrial_core_ws/build/CMakeFiles/CMakeTmp'
/usr/bin/cmake -E cmake_progress_report /home/johnfaski/industrial_core_ws/build/CMakeFiles/CMakeTmp/CMakeFiles 1
Building C object CMakeFiles/cmTryCompileExec404735736.dir/CheckFunctionExists.c.o
/usr/bin/cc   -DCHECK_FUNCTION_EXISTS=pthread_create   -o CMakeFiles/cmTryCompileExec404735736.dir/CheckFunctionExists.c.o   -c /usr/share/cmake-2.8/Modules/CheckFunctionExists.c
Linking C executable cmTryCompileExec404735736
/usr/bin/cmake -E cmake_link_script CMakeFiles/cmTryCompileExec404735736.dir/link.txt --verbose=1
/usr/bin/cc   -DCHECK_FUNCTION_EXISTS=pthread_create    CMakeFiles/cmTryCompileExec404735736.dir/CheckFunctionExists.c.o  -o cmTryCompileExec404735736 -rdynamic -lpthreads 
/usr/bin/ld: cannot find -lpthreads
collect2: error: ld returned 1 exit status
make[1]: *** [cmTryCompileExec404735736] Error 1
make[1]: Leaving directory `/home/johnfaski/industrial_core_ws/build/CMakeFiles/CMakeTmp'
make: *** [cmTryCompileExec404735736/fast] Error 2


